Der Buildvorgang wurde am 09.04.2014 17:23:00 gestartet.
     1>Projekt "C:\Users\phil\Documents\Visual Studio 2012\Projects\UdpSender\UdpSender\UdpSender.vcxproj" auf Knoten "2", Build Ziel(e).
     1>ClCompile:
         C:\Program Files (x86)\Microsoft Visual Studio 11.0\VC\bin\CL.exe /c /IC:\VHandSDK /ZI /nologo /W3 /WX- /sdl /Od /Oy- /D WIN32 /D _DEBUG /D _CONSOLE /D _UNICODE /D UNICODE /Gm /EHsc /RTC1 /MDd /GS /fp:precise /Zc:wchar_t /Zc:forScope /Yu"stdafx.h" /Fp"Debug\VHandBridge.pch" /Fo"Debug\\" /Fd"Debug\vc110.pdb" /Gd /TP /analyze- /errorReport:prompt GloveDataReader.cpp main.cpp
         main.cpp
     1>c:\users\phil\documents\visual studio 2012\projects\udpsender\udpsender\main.cpp(77): warning C4101: 'mesg': Unreferenzierte lokale Variable
         GloveDataReader.cpp
     1>c:\users\phil\documents\visual studio 2012\projects\udpsender\udpsender\glovedatareader.cpp(80): warning C4244: '=': Konvertierung von 'double' in 'int', möglicher Datenverlust
     1>c:\users\phil\documents\visual studio 2012\projects\udpsender\udpsender\glovedatareader.cpp(81): warning C4244: '=': Konvertierung von 'double' in 'int', möglicher Datenverlust
     1>c:\users\phil\documents\visual studio 2012\projects\udpsender\udpsender\glovedatareader.cpp(82): warning C4244: '=': Konvertierung von 'double' in 'int', möglicher Datenverlust
     1>c:\users\phil\documents\visual studio 2012\projects\udpsender\udpsender\glovedatareader.cpp(83): warning C4244: '=': Konvertierung von 'double' in 'int', möglicher Datenverlust
     1>c:\users\phil\documents\visual studio 2012\projects\udpsender\udpsender\glovedatareader.cpp(84): warning C4244: '=': Konvertierung von 'double' in 'int', möglicher Datenverlust
         Code wird generiert...
     1>c:\users\phil\documents\visual studio 2012\projects\udpsender\udpsender\glovedatareader.cpp(67): warning C4715: "GloveDataReader::readValues": Nicht alle Steuerelementpfade geben einen Wert zurück.
       Link:
         C:\Program Files (x86)\Microsoft Visual Studio 11.0\VC\bin\link.exe /ERRORREPORT:PROMPT /OUT:"C:\Users\phil\Documents\Visual Studio 2012\Projects\UdpSender\Debug\VHandBridge.exe" /INCREMENTAL /NOLOGO /LIBPATH:C:\VHandSDK VHand30_SDK.lib kernel32.lib user32.lib gdi32.lib winspool.lib comdlg32.lib advapi32.lib shell32.lib ole32.lib oleaut32.lib uuid.lib odbc32.lib odbccp32.lib /MANIFEST /MANIFESTUAC:"level='asInvoker' uiAccess='false'" /manifest:embed /DEBUG /PDB:"C:\Users\phil\Documents\Visual Studio 2012\Projects\UdpSender\Debug\VHandBridge.pdb" /SUBSYSTEM:CONSOLE /TLBID:1 /DYNAMICBASE /NXCOMPAT /IMPLIB:"C:\Users\phil\Documents\Visual Studio 2012\Projects\UdpSender\Debug\VHandBridge.lib" /MACHINE:X86 Debug\GloveDataReader.obj
         Debug\stdafx.obj
         Debug\UdpClient.obj
         Debug\UdpInterface.obj
         Debug\main.obj
         UdpSender.vcxproj -> C:\Users\phil\Documents\Visual Studio 2012\Projects\UdpSender\Debug\VHandBridge.exe
     1>Die Erstellung des Projekts "C:\Users\phil\Documents\Visual Studio 2012\Projects\UdpSender\UdpSender\UdpSender.vcxproj" ist abgeschlossen, Build Ziel(e).

Build erfolgreich.

Verstrichene Zeit 00:00:02.61
